<?xml version="1.0" encoding="utf-8" standalone="no"?>
<!--This file represents the results of running a test suite-->
<test-results name="C:\Users\jpinkard\Documents\GitHub\SolutionsForWork\FileLinkTracker\ExcelSharpTests\bin\Debug\ExcelSharpTests.dll" total="22" errors="0" failures="0" not-run="0" inconclusive="0" ignored="0" skipped="0" invalid="0" date="2014-09-02" time="15:43:30">
  <environment nunit-version="2.6.3.13283" clr-version="2.0.50727.5483" os-version="Microsoft Windows NT 6.1.7601 Service Pack 1" platform="Win32NT" cwd="C:\Users\jpinkard\Documents\GitHub\Support_Packages\opencover.4.5.1923" machine-name="JAMESPINKARD-PC" user="jpinkard" user-domain="INTERA" />
  <culture-info current-culture="en-US" current-uiculture="en-US" />
  <test-suite type="Assembly" name="C:\Users\jpinkard\Documents\GitHub\SolutionsForWork\FileLinkTracker\ExcelSharpTests\bin\Debug\ExcelSharpTests.dll" executed="True" result="Success" success="True" time="15.552" asserts="0">
    <results>
      <test-suite type="Namespace" name="ExcelSharpTests" executed="True" result="Success" success="True" time="15.548" asserts="0">
        <results>
          <test-suite type="TestFixture" name="ExcelOperatorTests" executed="True" result="Success" success="True" time="4.693" asserts="0">
            <results>
              <test-case name="ExcelSharpTests.ExcelOperatorTests.ExcelOperator_CloseExcel_CloseExcelApplication" executed="True" result="Success" success="True" time="1.649" asserts="1">
                <categories>
                  <category name="Slow Running" />
                </categories>
              </test-case>
              <test-case name="ExcelSharpTests.ExcelOperatorTests.ExcelOperator_Initialize_InitializesWorksheet" executed="True" result="Success" success="True" time="1.456" asserts="1">
                <categories>
                  <category name="Slow Running" />
                </categories>
              </test-case>
              <test-case name="ExcelSharpTests.ExcelOperatorTests.ExcelOperator_NewWorkbook_OpensNewWorkbook" executed="True" result="Success" success="True" time="1.578" asserts="1">
                <categories>
                  <category name="Slow Running" />
                </categories>
              </test-case>
            </results>
          </test-suite>
          <test-suite type="TestFixture" name="IntegrationTests" executed="True" result="Success" success="True" time="2.247" asserts="0">
            <categories>
              <category name="Integration Test" />
            </categories>
            <results>
              <test-case name="ExcelSharpTests.IntegrationTests.FactoryOfTableSheets_IntegrationTest" executed="True" result="Success" success="True" time="0.241" asserts="7" />
            </results>
          </test-suite>
          <test-suite type="TestFixture" name="LinkSheetFactoryTests" executed="True" result="Success" success="True" time="2.080" asserts="0">
            <categories>
              <category name="Sheet Factory" />
            </categories>
            <results>
              <test-case name="ExcelSharpTests.LinkSheetFactoryTests.BaseSheetFactoryTests.SheetFactory_ExecuteWithSheet_MakesNewSheet" executed="True" result="Success" success="True" time="0.022" asserts="1" />
              <test-case name="ExcelSharpTests.LinkSheetFactoryTests.BaseSheetFactoryTests.SheetFactory_ExecuteWithSheet_NewSheetHasTableTools" executed="True" result="Success" success="True" time="0.018" asserts="1" />
              <test-case name="ExcelSharpTests.LinkSheetFactoryTests.BaseSheetFactoryTests.SheetFactory_ExecuteWithSheet_NewSheetHasTableWriter" executed="True" result="Success" success="True" time="0.025" asserts="1" />
              <test-case name="ExcelSharpTests.LinkSheetFactoryTests.BaseSheetFactoryTests.SheetFactory_ExecuteWithWorkbook_MakesNewSheet" executed="True" result="Success" success="True" time="0.019" asserts="1" />
              <test-case name="ExcelSharpTests.LinkSheetFactoryTests.BaseSheetFactoryTests.SheetFactory_ExecuteWithWorkbook_NewSheetHasTableTools" executed="True" result="Success" success="True" time="0.010" asserts="1" />
              <test-case name="ExcelSharpTests.LinkSheetFactoryTests.BaseSheetFactoryTests.SheetFactory_ExecuteWithWorkbook_NewSheetHasTableWriter" executed="True" result="Success" success="True" time="0.010" asserts="1" />
            </results>
          </test-suite>
          <test-suite type="TestFixture" name="SheetTests" executed="True" result="Success" success="True" time="2.250" asserts="0">
            <categories>
              <category name="Sheet Tests" />
            </categories>
            <results>
              <test-case name="ExcelSharpTests.SheetTests.Sheet_GetCells_ReturnsArrayOfValuesBlockOfCells" executed="True" result="Success" success="True" time="0.252" asserts="2" />
              <test-case name="ExcelSharpTests.SheetTests.Sheet_GetRange_ReturnsArrayOfValuesInRange" executed="True" result="Success" success="True" time="0.043" asserts="1" />
            </results>
          </test-suite>
          <test-suite type="TestFixture" name="TableSheetFactoryTests" executed="True" result="Success" success="True" time="2.172" asserts="0">
            <categories>
              <category name="Sheet Factory" />
            </categories>
            <results>
              <test-case name="ExcelSharpTests.TableSheetFactoryTests.BaseSheetFactoryTests.SheetFactory_ExecuteWithSheet_MakesNewSheet" executed="True" result="Success" success="True" time="0.021" asserts="1" />
              <test-case name="ExcelSharpTests.TableSheetFactoryTests.BaseSheetFactoryTests.SheetFactory_ExecuteWithSheet_NewSheetHasTableTools" executed="True" result="Success" success="True" time="0.016" asserts="1" />
              <test-case name="ExcelSharpTests.TableSheetFactoryTests.BaseSheetFactoryTests.SheetFactory_ExecuteWithSheet_NewSheetHasTableWriter" executed="True" result="Success" success="True" time="0.047" asserts="1" />
              <test-case name="ExcelSharpTests.TableSheetFactoryTests.BaseSheetFactoryTests.SheetFactory_ExecuteWithWorkbook_MakesNewSheet" executed="True" result="Success" success="True" time="0.016" asserts="1" />
              <test-case name="ExcelSharpTests.TableSheetFactoryTests.BaseSheetFactoryTests.SheetFactory_ExecuteWithWorkbook_NewSheetHasTableTools" executed="True" result="Success" success="True" time="0.010" asserts="1" />
              <test-case name="ExcelSharpTests.TableSheetFactoryTests.BaseSheetFactoryTests.SheetFactory_ExecuteWithWorkbook_NewSheetHasTableWriter" executed="True" result="Success" success="True" time="0.013" asserts="1" />
            </results>
          </test-suite>
          <test-suite type="TestFixture" name="WorkbookTests" executed="True" result="Success" success="True" time="2.097" asserts="0">
            <categories>
              <category name="Workbook Tests" />
            </categories>
            <results>
              <test-case name="ExcelSharpTests.WorkbookTests.Workbook_AddSheet_AddsNewSheet" executed="True" result="Success" success="True" time="0.013" asserts="1" />
              <test-case name="ExcelSharpTests.WorkbookTests.Workbook_GetSheet_ReturnsSheet" executed="True" result="Success" success="True" time="0.000" asserts="1" />
              <test-case name="ExcelSharpTests.WorkbookTests.Workbook_RemoveSheet_RemovesSheetAtEnd" executed="True" result="Success" success="True" time="0.028" asserts="1" />
              <test-case name="ExcelSharpTests.WorkbookTests.Workbook_SelectSheet_SetsActiveSheet" executed="True" result="Success" success="True" time="0.003" asserts="1" />
            </results>
          </test-suite>
        </results>
      </test-suite>
    </results>
  </test-suite>
</test-results>